<?xml version="1.0" encoding="UTF-8"?>
<!-- Generated by org.testng.reporters.JUnitXMLReporter -->
<testsuite ignored="5" hostname="DESKTOP-JPO1NOA" failures="0" tests="1" name="TestLoginFunctionalities_chrome" time="16.485" errors="0" timestamp="2024-10-20T15:41:19 PDT">
  <testcase classname="com.salesforce.tests.Test_SFDCLogin" name="test_LoginWithValidLoginCredentials" time="16.459"/>
  <testcase classname="com.salesforce.tests.Test_SFDCLogin" name="test_LoginWithInvalidUserNamePswd" time="0.0">
    <ignored/>
  </testcase> <!-- test_LoginWithInvalidUserNamePswd -->
  <testcase classname="com.salesforce.tests.Test_SFDCLogin" name="test_ForgotPassword" time="0.0">
    <ignored/>
  </testcase> <!-- test_ForgotPassword -->
  <testcase classname="com.salesforce.tests.Test_SFDCLogin" name="loginWithDifferentLoginDataSet" time="0.0">
    <ignored/>
  </testcase> <!-- loginWithDifferentLoginDataSet -->
  <testcase classname="com.salesforce.tests.Test_SFDCLogin" name="test_LoginErrorMessage" time="0.0">
    <ignored/>
  </testcase> <!-- test_LoginErrorMessage -->
  <testcase classname="com.salesforce.tests.Test_SFDCLogin" name="test_CheckRememberMe" time="0.0">
    <ignored/>
  </testcase> <!-- test_CheckRememberMe -->
</testsuite> <!-- TestLoginFunctionalities_chrome -->
