<?xml version="1.0" encoding="UTF-8"?>
<!-- Generated by org.testng.reporters.JUnitXMLReporter -->
<testsuite ignored="4" hostname="DESKTOP-JPO1NOA" failures="0" tests="1" name="Default test" time="17.005" errors="0" timestamp="2024-10-27T21:21:41 PDT">
  <testcase classname="com.salesforce.tests.Test_UserMenuDropDown" name="test_DeveloperConsoleOption" time="3.885"/>
  <testcase classname="com.salesforce.tests.Test_UserMenuDropDown" name="test_LogoutOption" time="0.0">
    <ignored/>
  </testcase> <!-- test_LogoutOption -->
  <testcase classname="com.salesforce.tests.Test_UserMenuDropDown" name="test_SelectUserMenuDropDown" time="0.0">
    <ignored/>
  </testcase> <!-- test_SelectUserMenuDropDown -->
  <testcase classname="com.salesforce.tests.Test_UserMenuDropDown" name="test_MySettings" time="0.0">
    <ignored/>
  </testcase> <!-- test_MySettings -->
  <testcase classname="com.salesforce.tests.Test_UserMenuDropDown" name="test_MyProfileOption" time="0.0">
    <ignored/>
  </testcase> <!-- test_MyProfileOption -->
</testsuite> <!-- Default test -->
