<?xml version="1.0" encoding="UTF-8"?>
<!-- Generated by org.testng.reporters.JUnitXMLReporter -->
<testsuite ignored="0" hostname="DESKTOP-JPO1NOA" failures="0" tests="10" name="LoginTest" time="79.297" errors="0" timestamp="2024-10-25T07:59:26 PDT">
  <testcase classname="com.salesforce.tests.Test_UserMenuDropDown" name="test_DeveloperConsoleOption" time="3.728"/>
  <testcase classname="com.salesforce.tests.Test_SFDCLogin" name="test_CheckRememberMe" time="20.279"/>
  <testcase classname="com.salesforce.tests.Test_SFDCLogin" name="test_ForgotPassword" time="6.274"/>
  <testcase classname="com.salesforce.tests.Test_UserMenuDropDown" name="test_LogoutOption" time="2.064"/>
  <testcase classname="com.salesforce.tests.Test_SFDCLogin" name="test_LoginErrorMessage" time="4.642"/>
  <testcase classname="com.salesforce.tests.Test_SFDCLogin" name="test_LoginWithInvalidUserNamePswd" time="7.98"/>
  <testcase classname="com.salesforce.tests.Test_UserMenuDropDown" name="test_MyProfileOption" time="5.09"/>
  <testcase classname="com.salesforce.tests.Test_SFDCLogin" name="test_LoginWithValidLoginCredentials" time="10.024"/>
  <testcase classname="com.salesforce.tests.Test_UserMenuDropDown" name="test_MySettings" time="7.811"/>
  <testcase classname="com.salesforce.tests.Test_UserMenuDropDown" name="test_SelectUserMenuDropDown" time="0.65"/>
</testsuite> <!-- LoginTest -->
