<?xml version="1.0" encoding="UTF-8"?>
<!-- Generated by org.testng.reporters.JUnitXMLReporter -->
<testsuite ignored="0" hostname="DESKTOP-JPO1NOA" failures="0" tests="5" name="Test" time="44.176" errors="0" timestamp="2024-10-20T18:07:35 PDT">
  <testcase classname="com.salesforce.tests.Test_SFDCLogin" name="test_CheckRememberMe" time="16.253"/>
  <testcase classname="com.salesforce.tests.Test_SFDCLogin" name="test_ForgotPassword" time="7.589"/>
  <testcase classname="com.salesforce.tests.Test_SFDCLogin" name="test_LoginErrorMessage" time="6.512"/>
  <testcase classname="com.salesforce.tests.Test_SFDCLogin" name="test_LoginWithInvalidUserNamePswd" time="6.589"/>
  <testcase classname="com.salesforce.tests.Test_SFDCLogin" name="test_LoginWithValidLoginCredentials" time="7.09"/>
</testsuite> <!-- Test -->
